<?xml version="1.0" encoding="UTF-8"?>
<!-- Generated by org.testng.reporters.JUnitReportReporter -->
<testsuite hostname="LAPTOP-118G3PNT" failures="0" tests="1" name="com.ind.Test.LoginPageTest" time="40.021" errors="0" timestamp="2023-06-26T16:08:53 IST" skipped="0">
  <testcase classname="com.ind.Test.LoginPageTest" name="loginT" time="40.021"/>
  <system-out/>
</testsuite> <!-- com.ind.Test.LoginPageTest -->
