<?xml version="1.0" encoding="UTF-8"?>
<!-- Generated by org.testng.reporters.JUnitReportReporter -->
<testsuite skipped="1" hostname="LAPTOP-118G3PNT" name="com.ind.Test.ContactPageTest" tests="1" failures="0" timestamp="2023-07-03T15:23:27 IST" time="0.000" errors="0">
  <testcase name="createcontact" time="0.000" classname="com.ind.Test.ContactPageTest">
    <skipped/>
  </testcase> <!-- createcontact -->
  <system-out/>
</testsuite> <!-- com.ind.Test.ContactPageTest -->
