<?xml version="1.0" encoding="UTF-8"?>
<!-- Generated by org.testng.reporters.JUnitReportReporter -->
<testsuite skipped="0" hostname="LAPTOP-118G3PNT" name="com.ind.Test.LeadPageTest" tests="1" failures="0" timestamp="2023-07-03T15:49:13 IST" time="37.450" errors="0">
  <testcase name="createlead" time="37.450" classname="com.ind.Test.LeadPageTest"/>
  <system-out/>
</testsuite> <!-- com.ind.Test.LeadPageTest -->
